#
# There is insufficient memory for the Java Runtime Environment to continue.
# Native memory allocation (malloc) failed to allocate 1109936 bytes. Error detail: Chunk::new
# Possible reasons:
#   The system is out of physical RAM or swap space
#   This process is running with CompressedOops enabled, and the Java Heap may be blocking the growth of the native heap
# Possible solutions:
#   Reduce memory load on the system
#   Increase physical memory or swap space
#   Check if swap backing store is full
#   Decrease Java heap size (-Xmx/-Xms)
#   Decrease number of Java threads
#   Decrease Java thread stack sizes (-Xss)
#   Set larger code cache with -XX:ReservedCodeCacheSize=
#   JVM is running with Unscaled Compressed Oops mode in which the Java heap is
#     placed in the first 4GB address space. The Java Heap base address is the
#     maximum limit for the native heap growth. Please use -XX:HeapBaseMinAddress
#     to set the Java Heap base and to place the Java Heap above 4GB virtual address.
# This output file may be truncated or incomplete.
#
#  Out of Memory Error (arena.cpp:168), pid=9100, tid=28512
#
# JRE version: OpenJDK Runtime Environment (21.0.7) (build 21.0.7+-13880790-b1038.58)
# Java VM: OpenJDK 64-Bit Server VM (21.0.7+-13880790-b1038.58, mixed mode, tiered, compressed oops, compressed class ptrs, g1 gc, windows-amd64)
# No core dump will be written. Minidumps are not enabled by default on client versions of Windows
#

---------------  S U M M A R Y ------------

Command Line: --add-opens=java.base/java.lang=ALL-UNNAMED --add-opens=java.base/java.lang.invoke=ALL-UNNAMED --add-opens=java.base/java.util=ALL-UNNAMED --add-opens=java.prefs/java.util.prefs=ALL-UNNAMED --add-exports=jdk.compiler/com.sun.tools.javac.api=ALL-UNNAMED --add-exports=jdk.compiler/com.sun.tools.javac.util=ALL-UNNAMED --add-opens=java.base/java.util=ALL-UNNAMED --add-opens=java.prefs/java.util.prefs=ALL-UNNAMED --add-opens=java.base/java.nio.charset=ALL-UNNAMED --add-opens=java.base/java.net=ALL-UNNAMED --add-opens=java.base/java.util.concurrent.atomic=ALL-UNNAMED --add-opens=java.xml/javax.xml.namespace=ALL-UNNAMED -Xmx2048m -Dfile.encoding=UTF-8 -Duser.country=CL -Duser.language=es -Duser.variant -javaagent:C:\Users\jconr\.gradle\wrapper\dists\gradle-8.13-bin\5xuhj0ry160q40clulazy9h7d\gradle-8.13\lib\agents\gradle-instrumentation-agent-8.13.jar org.gradle.launcher.daemon.bootstrap.GradleDaemon 8.13

Host: AMD Ryzen 3 7320U with Radeon Graphics         , 8 cores, 5G,  Windows 11 , 64 bit Build 26100 (10.0.26100.7019)
Time: Sat Nov 29 04:30:05 2025 Hora verano Sudamérica Pacífico elapsed time: 18.320461 seconds (0d 0h 0m 18s)

---------------  T H R E A D  ---------------

Current thread (0x00000210d1373fd0):  JavaThread "C2 CompilerThread0" daemon [_thread_in_native, id=28512, stack(0x00000068f3000000,0x00000068f3100000) (1024K)]


Current CompileTask:
C2:18320 3869 %     4       jdk.internal.loader.URLClassPath::getResource @ 39 (74 bytes)

Stack: [0x00000068f3000000,0x00000068f3100000]
Native frames: (J=compiled Java code, j=interpreted, Vv=VM code, C=native code)
V  [jvm.dll+0x6d25c9]
V  [jvm.dll+0x860923]
V  [jvm.dll+0x862e7e]
V  [jvm.dll+0x863563]
V  [jvm.dll+0x27f156]
V  [jvm.dll+0xc002d]
V  [jvm.dll+0xc0563]
V  [jvm.dll+0x3b6d01]
V  [jvm.dll+0x382c27]
V  [jvm.dll+0x38209a]
V  [jvm.dll+0x247e72]
V  [jvm.dll+0x247441]
V  [jvm.dll+0x1c5fb4]
V  [jvm.dll+0x256bac]
V  [jvm.dll+0x2550f6]
V  [jvm.dll+0x3f1d16]
V  [jvm.dll+0x808d08]
V  [jvm.dll+0x6d0e1d]
C  [ucrtbase.dll+0x37b0]
C  [KERNEL32.DLL+0x2e8d7]
C  [ntdll.dll+0x8c53c]


---------------  P R O C E S S  ---------------

Threads class SMR info:
_java_thread_list=0x00000210d8ebfc00, length=38, elements={
0x00000210b75d9aa0, 0x00000210d11ce0e0, 0x00000210d13415a0, 0x00000210d1352260,
0x00000210d136f0d0, 0x00000210d13706a0, 0x00000210d1371100, 0x00000210d13726d0,
0x00000210d1373fd0, 0x00000210d13755e0, 0x00000210d1670d10, 0x00000210d6456060,
0x00000210d6f95fb0, 0x00000210d152b290, 0x00000210d6fb4f00, 0x00000210d1712470,
0x00000210d71d99e0, 0x00000210d64f8d30, 0x00000210d71dff20, 0x00000210d71e05b0,
0x00000210d71e2680, 0x00000210d71e33a0, 0x00000210d71e0c40, 0x00000210d71e2d10,
0x00000210d71e1960, 0x00000210d71e1ff0, 0x00000210d931d180, 0x00000210d931f250,
0x00000210d931d810, 0x00000210d931dea0, 0x00000210d931e530, 0x00000210d931ebc0,
0x00000210d931ff70, 0x00000210d931f8e0, 0x00000210d9320600, 0x00000210d7dc32e0,
0x00000210d7dc4d20, 0x00000210d795bbd0
}

Java Threads: ( => current thread )
  0x00000210b75d9aa0 JavaThread "main"                              [_thread_blocked, id=9620, stack(0x00000068f2100000,0x00000068f2200000) (1024K)]
  0x00000210d11ce0e0 JavaThread "Common-Cleaner"             daemon [_thread_blocked, id=14676, stack(0x00000068f2900000,0x00000068f2a00000) (1024K)]
  0x00000210d13415a0 JavaThread "Reference Handler"          daemon [_thread_blocked, id=15656, stack(0x00000068f2a00000,0x00000068f2b00000) (1024K)]
  0x00000210d1352260 JavaThread "Finalizer"                  daemon [_thread_blocked, id=14224, stack(0x00000068f2b00000,0x00000068f2c00000) (1024K)]
  0x00000210d136f0d0 JavaThread "Signal Dispatcher"          daemon [_thread_blocked, id=10316, stack(0x00000068f2c00000,0x00000068f2d00000) (1024K)]
  0x00000210d13706a0 JavaThread "Attach Listener"            daemon [_thread_blocked, id=23500, stack(0x00000068f2d00000,0x00000068f2e00000) (1024K)]
  0x00000210d1371100 JavaThread "Service Thread"             daemon [_thread_blocked, id=15772, stack(0x00000068f2e00000,0x00000068f2f00000) (1024K)]
  0x00000210d13726d0 JavaThread "Monitor Deflation Thread"   daemon [_thread_blocked, id=16596, stack(0x00000068f2f00000,0x00000068f3000000) (1024K)]
=>0x00000210d1373fd0 JavaThread "C2 CompilerThread0"         daemon [_thread_in_native, id=28512, stack(0x00000068f3000000,0x00000068f3100000) (1024K)]
  0x00000210d13755e0 JavaThread "C1 CompilerThread0"         daemon [_thread_blocked, id=22592, stack(0x00000068f3100000,0x00000068f3200000) (1024K)]
  0x00000210d1670d10 JavaThread "Notification Thread"        daemon [_thread_blocked, id=4584, stack(0x00000068f3200000,0x00000068f3300000) (1024K)]
  0x00000210d6456060 JavaThread "Daemon health stats"               [_thread_blocked, id=11492, stack(0x00000068f3800000,0x00000068f3900000) (1024K)]
  0x00000210d6f95fb0 JavaThread "Incoming local TCP Connector on port 54982"        [_thread_in_native, id=5864, stack(0x00000068f3900000,0x00000068f3a00000) (1024K)]
  0x00000210d152b290 JavaThread "Daemon periodic checks"            [_thread_blocked, id=2300, stack(0x00000068f3a00000,0x00000068f3b00000) (1024K)]
  0x00000210d6fb4f00 JavaThread "Daemon"                            [_thread_blocked, id=16676, stack(0x00000068f3b00000,0x00000068f3c00000) (1024K)]
  0x00000210d1712470 JavaThread "Handler for socket connection from /127.0.0.1:54982 to /127.0.0.1:54985"        [_thread_in_native, id=25972, stack(0x00000068f3c00000,0x00000068f3d00000) (1024K)]
  0x00000210d71d99e0 JavaThread "Cancel handler"                    [_thread_blocked, id=332, stack(0x00000068f3d00000,0x00000068f3e00000) (1024K)]
  0x00000210d64f8d30 JavaThread "Daemon worker"                     [_thread_in_vm, id=6348, stack(0x00000068f3e00000,0x00000068f3f00000) (1024K)]
  0x00000210d71dff20 JavaThread "Asynchronous log dispatcher for DefaultDaemonConnection: socket connection from /127.0.0.1:54982 to /127.0.0.1:54985"        [_thread_blocked, id=15376, stack(0x00000068f3f00000,0x00000068f4000000) (1024K)]
  0x00000210d71e05b0 JavaThread "Stdin handler"                     [_thread_blocked, id=4732, stack(0x00000068f4300000,0x00000068f4400000) (1024K)]
  0x00000210d71e2680 JavaThread "Daemon client event forwarder"        [_thread_blocked, id=24992, stack(0x00000068f4400000,0x00000068f4500000) (1024K)]
  0x00000210d71e33a0 JavaThread "Cache worker for journal cache (C:\Users\jconr\.gradle\caches\journal-1)"        [_thread_blocked, id=12740, stack(0x00000068f4500000,0x00000068f4600000) (1024K)]
  0x00000210d71e0c40 JavaThread "File lock request listener"        [_thread_in_native, id=10972, stack(0x00000068f4600000,0x00000068f4700000) (1024K)]
  0x00000210d71e2d10 JavaThread "File lock release action executor"        [_thread_blocked, id=12696, stack(0x00000068f4700000,0x00000068f4800000) (1024K)]
  0x00000210d71e1960 JavaThread "Cache worker for file hash cache (C:\Users\jconr\.gradle\caches\8.13\fileHashes)"        [_thread_blocked, id=26456, stack(0x00000068f4800000,0x00000068f4900000) (1024K)]
  0x00000210d71e1ff0 JavaThread "Cache worker for file hash cache (C:\Users\jconr\AndroidStudioProjects\KidsMath\.gradle\8.13\fileHashes)"        [_thread_blocked, id=27896, stack(0x00000068f4900000,0x00000068f4a00000) (1024K)]
  0x00000210d931d180 JavaThread "Cache worker for Build Output Cleanup Cache (C:\Users\jconr\AndroidStudioProjects\KidsMath\.gradle\buildOutputCleanup)"        [_thread_blocked, id=27176, stack(0x00000068f4a00000,0x00000068f4b00000) (1024K)]
  0x00000210d931f250 JavaThread "File watcher server"        daemon [_thread_in_native, id=12844, stack(0x00000068f4b00000,0x00000068f4c00000) (1024K)]
  0x00000210d931d810 JavaThread "File watcher consumer"      daemon [_thread_blocked, id=15260, stack(0x00000068f4c00000,0x00000068f4d00000) (1024K)]
  0x00000210d931dea0 JavaThread "jar transforms"                    [_thread_blocked, id=7956, stack(0x00000068f4d00000,0x00000068f4e00000) (1024K)]
  0x00000210d931e530 JavaThread "jar transforms Thread 2"           [_thread_blocked, id=25008, stack(0x00000068f4e00000,0x00000068f4f00000) (1024K)]
  0x00000210d931ebc0 JavaThread "jar transforms Thread 3"           [_thread_blocked, id=17204, stack(0x00000068f4f00000,0x00000068f5000000) (1024K)]
  0x00000210d931ff70 JavaThread "jar transforms Thread 4"           [_thread_blocked, id=21988, stack(0x00000068f5000000,0x00000068f5100000) (1024K)]
  0x00000210d931f8e0 JavaThread "jar transforms Thread 5"           [_thread_blocked, id=17388, stack(0x00000068f5100000,0x00000068f5200000) (1024K)]
  0x00000210d9320600 JavaThread "jar transforms Thread 6"           [_thread_blocked, id=28568, stack(0x00000068f5200000,0x00000068f5300000) (1024K)]
  0x00000210d7dc32e0 JavaThread "jar transforms Thread 7"           [_thread_blocked, id=2480, stack(0x00000068f5300000,0x00000068f5400000) (1024K)]
  0x00000210d7dc4d20 JavaThread "jar transforms Thread 8"           [_thread_blocked, id=26724, stack(0x00000068f5400000,0x00000068f5500000) (1024K)]
  0x00000210d795bbd0 JavaThread "C2 CompilerThread1"         daemon [_thread_in_native, id=14260, stack(0x00000068f5500000,0x00000068f5600000) (1024K)]
Total: 38

Other Threads:
  0x00000210d11bdc20 VMThread "VM Thread"                           [id=15000, stack(0x00000068f2800000,0x00000068f2900000) (1024K)]
  0x00000210d11287a0 WatcherThread "VM Periodic Task Thread"        [id=26616, stack(0x00000068f2700000,0x00000068f2800000) (1024K)]
  0x00000210b9b25670 WorkerThread "GC Thread#0"                     [id=27220, stack(0x00000068f2200000,0x00000068f2300000) (1024K)]
  0x00000210d1722fd0 WorkerThread "GC Thread#1"                     [id=21584, stack(0x00000068f3400000,0x00000068f3500000) (1024K)]
  0x00000210d1bb43b0 WorkerThread "GC Thread#2"                     [id=9596, stack(0x00000068f3500000,0x00000068f3600000) (1024K)]
  0x00000210d1bb4750 WorkerThread "GC Thread#3"                     [id=15604, stack(0x00000068f3600000,0x00000068f3700000) (1024K)]
  0x00000210d668d600 WorkerThread "GC Thread#4"                     [id=21180, stack(0x00000068f3300000,0x00000068f3400000) (1024K)]
  0x00000210d6f0e420 WorkerThread "GC Thread#5"                     [id=18756, stack(0x00000068f3700000,0x00000068f3800000) (1024K)]
  0x00000210d71dc870 WorkerThread "GC Thread#6"                     [id=25468, stack(0x00000068f4000000,0x00000068f4100000) (1024K)]
  0x00000210d71e3ee0 WorkerThread "GC Thread#7"                     [id=12076, stack(0x00000068f4100000,0x00000068f4200000) (1024K)]
  0x00000210b9b36d70 ConcurrentGCThread "G1 Main Marker"            [id=3116, stack(0x00000068f2300000,0x00000068f2400000) (1024K)]
  0x00000210b9b385c0 WorkerThread "G1 Conc#0"                       [id=14500, stack(0x00000068f2400000,0x00000068f2500000) (1024K)]
  0x00000210d71f0340 WorkerThread "G1 Conc#1"                       [id=17364, stack(0x00000068f4200000,0x00000068f4300000) (1024K)]
  0x00000210d0ffb920 ConcurrentGCThread "G1 Refine#0"               [id=16780, stack(0x00000068f2500000,0x00000068f2600000) (1024K)]
  0x00000210d0ffbfb0 ConcurrentGCThread "G1 Service"                [id=25608, stack(0x00000068f2600000,0x00000068f2700000) (1024K)]
Total: 15

Threads with active compile tasks:
C2 CompilerThread0  18383 3869 %     4       jdk.internal.loader.URLClassPath::getResource @ 39 (74 bytes)
C2 CompilerThread1  18383 3870       4       java.util.HashMap::get (19 bytes)
Total: 2

VM state: not at safepoint (normal execution)

VM Mutex/Monitor currently owned by a thread: None

Heap address: 0x0000000080000000, size: 2048 MB, Compressed Oops mode: 32-bit

CDS archive(s) not mapped
Compressed class space mapped at: 0x0000000100000000-0x0000000140000000, reserved size: 1073741824
Narrow klass base: 0x0000000000000000, Narrow klass shift: 3, Narrow klass range: 0x140000000

GC Precious Log:
 CardTable entry size: 512
 Card Set container configuration: InlinePtr #cards 5 size 8 Array Of Cards #cards 12 size 40 Howl #buckets 4 coarsen threshold 1843 Howl Bitmap #cards 512 size 80 coarsen threshold 460 Card regions per heap region 1 cards per card region 2048
 CPUs: 8 total, 8 available
 Memory: 5965M
 Large Page Support: Disabled
 NUMA Support: Disabled
 Compressed Oops: Enabled (32-bit)
 Heap Region Size: 1M
 Heap Min Capacity: 8M
 Heap Initial Capacity: 94M
 Heap Max Capacity: 2G
 Pre-touch: Disabled
 Parallel Workers: 8
 Concurrent Workers: 2
 Concurrent Refinement Workers: 8
 Periodic GC: Disabled

Heap:
 garbage-first heap   total 104448K, used 62329K [0x0000000080000000, 0x0000000100000000)
  region size 1024K, 4 young (4096K), 2 survivors (2048K)
 Metaspace       used 41804K, committed 42752K, reserved 1114112K
  class space    used 5785K, committed 6272K, reserved 1048576K

Heap Regions: E=young(eden), S=young(survivor), O=old, HS=humongous(starts), HC=humongous(continues), CS=collection set, F=free, TAMS=top-at-mark-start, PB=parsable bottom
|   0|0x0000000080000000, 0x0000000080100000, 0x0000000080100000|100%|HS|  |TAMS 0x0000000080000000| PB 0x0000000080000000| Complete 
|   1|0x0000000080100000, 0x0000000080200000, 0x0000000080200000|100%|HC|  |TAMS 0x0000000080100000| PB 0x0000000080100000| Complete 
|   2|0x0000000080200000, 0x0000000080300000, 0x0000000080300000|100%|HC|  |TAMS 0x0000000080200000| PB 0x0000000080200000| Complete 
|   3|0x0000000080300000, 0x0000000080400000, 0x0000000080400000|100%| O|  |TAMS 0x0000000080300000| PB 0x0000000080300000| Untracked 
|   4|0x0000000080400000, 0x0000000080500000, 0x0000000080500000|100%| O|  |TAMS 0x0000000080400000| PB 0x0000000080400000| Untracked 
|   5|0x0000000080500000, 0x0000000080600000, 0x0000000080600000|100%| O|  |TAMS 0x0000000080500000| PB 0x0000000080500000| Untracked 
|   6|0x0000000080600000, 0x0000000080700000, 0x0000000080700000|100%|HS|  |TAMS 0x0000000080600000| PB 0x0000000080600000| Complete 
|   7|0x0000000080700000, 0x0000000080800000, 0x0000000080800000|100%| O|  |TAMS 0x0000000080700000| PB 0x0000000080700000| Untracked 
|   8|0x0000000080800000, 0x0000000080900000, 0x0000000080900000|100%| O|  |TAMS 0x0000000080800000| PB 0x0000000080800000| Untracked 
|   9|0x0000000080900000, 0x0000000080a00000, 0x0000000080a00000|100%| O|  |TAMS 0x0000000080900000| PB 0x0000000080900000| Untracked 
|  10|0x0000000080a00000, 0x0000000080b00000, 0x0000000080b00000|100%| O|  |TAMS 0x0000000080a00000| PB 0x0000000080a00000| Untracked 
|  11|0x0000000080b00000, 0x0000000080c00000, 0x0000000080c00000|100%| O|  |TAMS 0x0000000080b00000| PB 0x0000000080b00000| Untracked 
|  12|0x0000000080c00000, 0x0000000080d00000, 0x0000000080d00000|100%| O|  |TAMS 0x0000000080c00000| PB 0x0000000080c00000| Untracked 
|  13|0x0000000080d00000, 0x0000000080e00000, 0x0000000080e00000|100%| O|  |TAMS 0x0000000080d00000| PB 0x0000000080d00000| Untracked 
|  14|0x0000000080e00000, 0x0000000080f00000, 0x0000000080f00000|100%| O|  |TAMS 0x0000000080e00000| PB 0x0000000080e00000| Untracked 
|  15|0x0000000080f00000, 0x0000000081000000, 0x0000000081000000|100%| O|  |TAMS 0x0000000080f00000| PB 0x0000000080f00000| Untracked 
|  16|0x0000000081000000, 0x0000000081100000, 0x0000000081100000|100%| O|  |TAMS 0x0000000081000000| PB 0x0000000081000000| Untracked 
|  17|0x0000000081100000, 0x0000000081200000, 0x0000000081200000|100%| O|  |TAMS 0x0000000081100000| PB 0x0000000081100000| Untracked 
|  18|0x0000000081200000, 0x0000000081300000, 0x0000000081300000|100%| O|  |TAMS 0x0000000081200000| PB 0x0000000081200000| Untracked 
|  19|0x0000000081300000, 0x0000000081400000, 0x0000000081400000|100%| O|  |TAMS 0x0000000081300000| PB 0x0000000081300000| Untracked 
|  20|0x0000000081400000, 0x000000008143d350, 0x0000000081500000| 23%| O|  |TAMS 0x0000000081400000| PB 0x0000000081400000| Untracked 
|  21|0x0000000081500000, 0x0000000081600000, 0x0000000081600000|100%| O|  |TAMS 0x0000000081500000| PB 0x0000000081500000| Untracked 
|  22|0x0000000081600000, 0x0000000081700000, 0x0000000081700000|100%|HS|  |TAMS 0x0000000081600000| PB 0x0000000081600000| Complete 
|  23|0x0000000081700000, 0x0000000081800000, 0x0000000081800000|100%|HC|  |TAMS 0x0000000081700000| PB 0x0000000081700000| Complete 
|  24|0x0000000081800000, 0x0000000081900000, 0x0000000081900000|100%|HC|  |TAMS 0x0000000081800000| PB 0x0000000081800000| Complete 
|  25|0x0000000081900000, 0x0000000081a00000, 0x0000000081a00000|100%|HC|  |TAMS 0x0000000081900000| PB 0x0000000081900000| Complete 
|  26|0x0000000081a00000, 0x0000000081b00000, 0x0000000081b00000|100%|HC|  |TAMS 0x0000000081a00000| PB 0x0000000081a00000| Complete 
|  27|0x0000000081b00000, 0x0000000081c00000, 0x0000000081c00000|100%|HC|  |TAMS 0x0000000081b00000| PB 0x0000000081b00000| Complete 
|  28|0x0000000081c00000, 0x0000000081d00000, 0x0000000081d00000|100%|HS|  |TAMS 0x0000000081c00000| PB 0x0000000081c00000| Complete 
|  29|0x0000000081d00000, 0x0000000081e00000, 0x0000000081e00000|100%|HS|  |TAMS 0x0000000081d00000| PB 0x0000000081d00000| Complete 
|  30|0x0000000081e00000, 0x0000000081f00000, 0x0000000081f00000|100%|HC|  |TAMS 0x0000000081e00000| PB 0x0000000081e00000| Complete 
|  31|0x0000000081f00000, 0x0000000082000000, 0x0000000082000000|100%|HC|  |TAMS 0x0000000081f00000| PB 0x0000000081f00000| Complete 
|  32|0x0000000082000000, 0x0000000082100000, 0x0000000082100000|100%|HC|  |TAMS 0x0000000082000000| PB 0x0000000082000000| Complete 
|  33|0x0000000082100000, 0x0000000082200000, 0x0000000082200000|100%|HS|  |TAMS 0x0000000082100000| PB 0x0000000082100000| Complete 
|  34|0x0000000082200000, 0x0000000082300000, 0x0000000082300000|100%|HC|  |TAMS 0x0000000082200000| PB 0x0000000082200000| Complete 
|  35|0x0000000082300000, 0x0000000082400000, 0x0000000082400000|100%|HS|  |TAMS 0x0000000082300000| PB 0x0000000082300000| Complete 
|  36|0x0000000082400000, 0x0000000082500000, 0x0000000082500000|100%|HS|  |TAMS 0x0000000082400000| PB 0x0000000082400000| Complete 
|  37|0x0000000082500000, 0x0000000082600000, 0x0000000082600000|100%|HC|  |TAMS 0x0000000082500000| PB 0x0000000082500000| Complete 
|  38|0x0000000082600000, 0x0000000082700000, 0x0000000082700000|100%|HC|  |TAMS 0x0000000082600000| PB 0x0000000082600000| Complete 
|  39|0x0000000082700000, 0x0000000082800000, 0x0000000082800000|100%|HC|  |TAMS 0x0000000082700000| PB 0x0000000082700000| Complete 
|  40|0x0000000082800000, 0x0000000082900000, 0x0000000082900000|100%|HC|  |TAMS 0x0000000082800000| PB 0x0000000082800000| Complete 
|  41|0x0000000082900000, 0x0000000082a00000, 0x0000000082a00000|100%|HC|  |TAMS 0x0000000082900000| PB 0x0000000082900000| Complete 
|  42|0x0000000082a00000, 0x0000000082b00000, 0x0000000082b00000|100%|HS|  |TAMS 0x0000000082a00000| PB 0x0000000082a00000| Complete 
|  43|0x0000000082b00000, 0x0000000082c00000, 0x0000000082c00000|100%|HS|  |TAMS 0x0000000082b00000| PB 0x0000000082b00000| Complete 
|  44|0x0000000082c00000, 0x0000000082d00000, 0x0000000082d00000|100%| O|  |TAMS 0x0000000082c00000| PB 0x0000000082c00000| Untracked 
|  45|0x0000000082d00000, 0x0000000082e00000, 0x0000000082e00000|100%| O|  |TAMS 0x0000000082d00000| PB 0x0000000082d00000| Untracked 
|  46|0x0000000082e00000, 0x0000000082f00000, 0x0000000082f00000|100%| O|  |TAMS 0x0000000082e00000| PB 0x0000000082e00000| Untracked 
|  47|0x0000000082f00000, 0x0000000083000000, 0x0000000083000000|100%| O|  |TAMS 0x0000000082f00000| PB 0x0000000082f00000| Untracked 
|  48|0x0000000083000000, 0x0000000083100000, 0x0000000083100000|100%|HS|  |TAMS 0x0000000083000000| PB 0x0000000083000000| Complete 
|  49|0x0000000083100000, 0x0000000083200000, 0x0000000083200000|100%|HC|  |TAMS 0x0000000083100000| PB 0x0000000083100000| Complete 
|  50|0x0000000083200000, 0x0000000083300000, 0x0000000083300000|100%|HC|  |TAMS 0x0000000083200000| PB 0x0000000083200000| Complete 
|  51|0x0000000083300000, 0x0000000083400000, 0x0000000083400000|100%|HC|  |TAMS 0x0000000083300000| PB 0x0000000083300000| Complete 
|  52|0x0000000083400000, 0x0000000083500000, 0x0000000083500000|100%|HS|  |TAMS 0x0000000083400000| PB 0x0000000083400000| Complete 
|  53|0x0000000083500000, 0x0000000083600000, 0x0000000083600000|100%|HC|  |TAMS 0x0000000083500000| PB 0x0000000083500000| Complete 
|  54|0x0000000083600000, 0x0000000083700000, 0x0000000083700000|100%| O|  |TAMS 0x0000000083600000| PB 0x0000000083600000| Untracked 
|  55|0x0000000083700000, 0x0000000083700000, 0x0000000083800000|  0%| F|  |TAMS 0x0000000083700000| PB 0x0000000083700000| Untracked 
|  56|0x0000000083800000, 0x0000000083800000, 0x0000000083900000|  0%| F|  |TAMS 0x0000000083800000| PB 0x0000000083800000| Untracked 
|  57|0x0000000083900000, 0x0000000083900000, 0x0000000083a00000|  0%| F|  |TAMS 0x0000000083900000| PB 0x0000000083900000| Untracked 
|  58|0x0000000083a00000, 0x0000000083a00000, 0x0000000083b00000|  0%| F|  |TAMS 0x0000000083a00000| PB 0x0000000083a00000| Untracked 
|  59|0x0000000083b00000, 0x0000000083b00000, 0x0000000083c00000|  0%| F|  |TAMS 0x0000000083b00000| PB 0x0000000083b00000| Untracked 
|  60|0x0000000083c00000, 0x0000000083c00000, 0x0000000083d00000|  0%| F|  |TAMS 0x0000000083c00000| PB 0x0000000083c00000| Untracked 
|  61|0x0000000083d00000, 0x0000000083d00000, 0x0000000083e00000|  0%| F|  |TAMS 0x0000000083d00000| PB 0x0000000083d00000| Untracked 
|  62|0x0000000083e00000, 0x0000000083e00000, 0x0000000083f00000|  0%| F|  |TAMS 0x0000000083e00000| PB 0x0000000083e00000| Untracked 
|  63|0x0000000083f00000, 0x0000000083f00000, 0x0000000084000000|  0%| F|  |TAMS 0x0000000083f00000| PB 0x0000000083f00000| Untracked 
|  64|0x0000000084000000, 0x0000000084000000, 0x0000000084100000|  0%| F|  |TAMS 0x0000000084000000| PB 0x0000000084000000| Untracked 
|  65|0x0000000084100000, 0x0000000084100000, 0x0000000084200000|  0%| F|  |TAMS 0x0000000084100000| PB 0x0000000084100000| Untracked 
|  66|0x0000000084200000, 0x0000000084200000, 0x0000000084300000|  0%| F|  |TAMS 0x0000000084200000| PB 0x0000000084200000| Untracked 
|  67|0x0000000084300000, 0x0000000084300000, 0x0000000084400000|  0%| F|  |TAMS 0x0000000084300000| PB 0x0000000084300000| Untracked 
|  68|0x0000000084400000, 0x0000000084400000, 0x0000000084500000|  0%| F|  |TAMS 0x0000000084400000| PB 0x0000000084400000| Untracked 
|  69|0x0000000084500000, 0x0000000084500000, 0x0000000084600000|  0%| F|  |TAMS 0x0000000084500000| PB 0x0000000084500000| Untracked 
|  70|0x0000000084600000, 0x0000000084600000, 0x0000000084700000|  0%| F|  |TAMS 0x0000000084600000| PB 0x0000000084600000| Untracked 
|  71|0x0000000084700000, 0x0000000084700000, 0x0000000084800000|  0%| F|  |TAMS 0x0000000084700000| PB 0x0000000084700000| Untracked 
|  72|0x0000000084800000, 0x0000000084800000, 0x0000000084900000|  0%| F|  |TAMS 0x0000000084800000| PB 0x0000000084800000| Untracked 
|  73|0x0000000084900000, 0x0000000084900000, 0x0000000084a00000|  0%| F|  |TAMS 0x0000000084900000| PB 0x0000000084900000| Untracked 
|  74|0x0000000084a00000, 0x0000000084a00000, 0x0000000084b00000|  0%| F|  |TAMS 0x0000000084a00000| PB 0x0000000084a00000| Untracked 
|  75|0x0000000084b00000, 0x0000000084b00000, 0x0000000084c00000|  0%| F|  |TAMS 0x0000000084b00000| PB 0x0000000084b00000| Untracked 
|  76|0x0000000084c00000, 0x0000000084c00000, 0x0000000084d00000|  0%| F|  |TAMS 0x0000000084c00000| PB 0x0000000084c00000| Untracked 
|  77|0x0000000084d00000, 0x0000000084d00000, 0x0000000084e00000|  0%| F|  |TAMS 0x0000000084d00000| PB 0x0000000084d00000| Untracked 
|  78|0x0000000084e00000, 0x0000000084e00000, 0x0000000084f00000|  0%| F|  |TAMS 0x0000000084e00000| PB 0x0000000084e00000| Untracked 
|  79|0x0000000084f00000, 0x0000000084f00000, 0x0000000085000000|  0%| F|  |TAMS 0x0000000084f00000| PB 0x0000000084f00000| Untracked 
|  80|0x0000000085000000, 0x0000000085000000, 0x0000000085100000|  0%| F|  |TAMS 0x0000000085000000| PB 0x0000000085000000| Untracked 
|  81|0x0000000085100000, 0x0000000085100000, 0x0000000085200000|  0%| F|  |TAMS 0x0000000085100000| PB 0x0000000085100000| Untracked 
|  82|0x0000000085200000, 0x0000000085200000, 0x0000000085300000|  0%| F|  |TAMS 0x0000000085200000| PB 0x0000000085200000| Untracked 
|  83|0x0000000085300000, 0x0000000085300000, 0x0000000085400000|  0%| F|  |TAMS 0x0000000085300000| PB 0x0000000085300000| Untracked 
|  84|0x0000000085400000, 0x00000000854a1320, 0x0000000085500000| 62%| S|CS|TAMS 0x0000000085400000| PB 0x0000000085400000| Complete 
|  85|0x0000000085500000, 0x0000000085600000, 0x0000000085600000|100%| S|CS|TAMS 0x0000000085500000| PB 0x0000000085500000| Complete 
|  86|0x0000000085600000, 0x0000000085600000, 0x0000000085700000|  0%| F|  |TAMS 0x0000000085600000| PB 0x0000000085600000| Untracked 
|  87|0x0000000085700000, 0x0000000085700000, 0x0000000085800000|  0%| F|  |TAMS 0x0000000085700000| PB 0x0000000085700000| Untracked 
|  88|0x0000000085800000, 0x0000000085800000, 0x0000000085900000|  0%| F|  |TAMS 0x0000000085800000| PB 0x0000000085800000| Untracked 
|  89|0x0000000085900000, 0x0000000085900000, 0x0000000085a00000|  0%| F|  |TAMS 0x0000000085900000| PB 0x0000000085900000| Untracked 
|  90|0x0000000085a00000, 0x0000000085a00000, 0x0000000085b00000|  0%| F|  |TAMS 0x0000000085a00000| PB 0x0000000085a00000| Untracked 
|  91|0x0000000085b00000, 0x0000000085b00000, 0x0000000085c00000|  0%| F|  |TAMS 0x0000000085b00000| PB 0x0000000085b00000| Untracked 
|  92|0x0000000085c00000, 0x0000000085c00000, 0x0000000085d00000|  0%| F|  |TAMS 0x0000000085c00000| PB 0x0000000085c00000| Untracked 
|  93|0x0000000085d00000, 0x0000000085d00000, 0x0000000085e00000|  0%| F|  |TAMS 0x0000000085d00000| PB 0x0000000085d00000| Untracked 
|  94|0x0000000085e00000, 0x0000000085e00000, 0x0000000085f00000|  0%| F|  |TAMS 0x0000000085e00000| PB 0x0000000085e00000| Untracked 
|  95|0x0000000085f00000, 0x0000000085f6fb28, 0x0000000086000000| 43%| E|  |TAMS 0x0000000085f00000| PB 0x0000000085f00000| Complete 
|  96|0x0000000086000000, 0x0000000086100000, 0x0000000086100000|100%| E|  |TAMS 0x0000000086000000| PB 0x0000000086000000| Complete 
|2043|0x00000000ffb00000, 0x00000000ffc00000, 0x00000000ffc00000|100%| O|Cm|TAMS 0x00000000ffb00000| PB 0x00000000ffb00000| Complete 
|2044|0x00000000ffc00000, 0x00000000ffd00000, 0x00000000ffd00000|100%| O|  |TAMS 0x00000000ffc00000| PB 0x00000000ffc00000| Untracked 
|2045|0x00000000ffd00000, 0x00000000ffe00000, 0x00000000ffe00000|100%| O|  |TAMS 0x00000000ffd00000| PB 0x00000000ffd00000| Untracked 
|2046|0x00000000ffe00000, 0x00000000fff00000, 0x00000000fff00000|100%| O|  |TAMS 0x00000000ffe00000| PB 0x00000000ffe00000| Untracked 
|2047|0x00000000fff00000, 0x0000000100000000, 0x0000000100000000|100%| O|  |TAMS 0x00000000fff00000| PB 0x00000000fff00000| Untracked 

Card table byte_map: [0x00000210cc350000,0x00000210cc750000] _byte_map_base: 0x00000210cbf50000

Marking Bits: (CMBitMap*) 0x00000210b9b25c80
 Bits: [0x00000210cc750000, 0x00000210ce750000)

Polling page: 0x00000210b7880000

Metaspace:

Usage:
  Non-class:     35.20 MB used.
      Class:      5.65 MB used.
       Both:     40.85 MB used.

Virtual space:
  Non-class space:       64.00 MB reserved,      35.69 MB ( 56%) committed,  1 nodes.
      Class space:        1.00 GB reserved,       6.12 MB ( <1%) committed,  1 nodes.
             Both:        1.06 GB reserved,      41.81 MB (  4%) committed. 

Chunk freelists:
   Non-Class:  11.92 MB
       Class:  9.92 MB
        Both:  21.84 MB

MaxMetaspaceSize: unlimited
CompressedClassSpaceSize: 1.00 GB
Initial GC threshold: 21.00 MB
Current GC threshold: 66.56 MB
CDS: off
 - commit_granule_bytes: 65536.
 - commit_granule_words: 8192.
 - virtual_space_node_default_size: 8388608.
 - enlarge_chunks_in_place: 1.
 - use_allocation_guard: 0.


Internal statistics:

num_allocs_failed_limit: 8.
num_arena_births: 1638.
num_arena_deaths: 0.
num_vsnodes_births: 2.
num_vsnodes_deaths: 0.
num_space_committed: 669.
num_space_uncommitted: 0.
num_chunks_returned_to_freelist: 8.
num_chunks_taken_from_freelist: 3147.
num_chunk_merges: 3.
num_chunk_splits: 1986.
num_chunks_enlarged: 1203.
num_inconsistent_stats: 0.

CodeHeap 'non-profiled nmethods': size=120000Kb used=1879Kb max_used=1879Kb free=118120Kb
 bounds [0x00000210c46f0000, 0x00000210c4960000, 0x00000210cbc20000]
CodeHeap 'profiled nmethods': size=120000Kb used=6727Kb max_used=6727Kb free=113272Kb
 bounds [0x00000210bcc20000, 0x00000210bd2c0000, 0x00000210c4150000]
CodeHeap 'non-nmethods': size=5760Kb used=1514Kb max_used=1546Kb free=4246Kb
 bounds [0x00000210c4150000, 0x00000210c43c0000, 0x00000210c46f0000]
 total_blobs=4052 nmethods=3456 adapters=499
 compilation: enabled
              stopped_count=0, restarted_count=0
 full_count=0

Compilation events (20 events):
Event: 16.238 Thread 0x00000210d13755e0 3886       3       org.codehaus.groovy.util.LazyReference::get (44 bytes)
Event: 16.238 Thread 0x00000210d13755e0 nmethod 3886 0x00000210bcd4c610 code [0x00000210bcd4c800, 0x00000210bcd4cbd8]
Event: 16.240 Thread 0x00000210d13755e0 3887       1       org.codehaus.groovy.util.ReferenceManager::getReferenceQueue (5 bytes)
Event: 16.240 Thread 0x00000210d13755e0 nmethod 3887 0x00000210c47f5d10 code [0x00000210c47f5ea0, 0x00000210c47f5f68]
Event: 16.240 Thread 0x00000210d13755e0 3888       1       org.codehaus.groovy.util.ReferenceBundle::getType (5 bytes)
Event: 16.240 Thread 0x00000210d13755e0 nmethod 3888 0x00000210c480d110 code [0x00000210c480d2a0, 0x00000210c480d368]
Event: 16.240 Thread 0x00000210d13755e0 3889       1       org.codehaus.groovy.util.ReferenceBundle::getManager (5 bytes)
Event: 16.240 Thread 0x00000210d13755e0 nmethod 3889 0x00000210c480ce10 code [0x00000210c480cfa0, 0x00000210c480d068]
Event: 16.240 Thread 0x00000210d13755e0 3890       3       org.codehaus.groovy.util.LazyReference::<init> (17 bytes)
Event: 16.241 Thread 0x00000210d13755e0 nmethod 3890 0x00000210bcdb3c10 code [0x00000210bcdb3de0, 0x00000210bcdb4128]
Event: 16.249 Thread 0x00000210d13755e0 3891       3       java.lang.Class::getDeclaredMethods (27 bytes)
Event: 16.249 Thread 0x00000210d13755e0 nmethod 3891 0x00000210bcf6e190 code [0x00000210bcf6e360, 0x00000210bcf6e5c8]
Event: 16.261 Thread 0x00000210d13755e0 3892       3       java.lang.invoke.MethodHandle::bindArgumentL (10 bytes)
Event: 16.262 Thread 0x00000210d13755e0 nmethod 3892 0x00000210bd11fb90 code [0x00000210bd11fda0, 0x00000210bd120400]
Event: 16.262 Thread 0x00000210d13755e0 3893       3       jdk.internal.org.objectweb.asm.Symbol::getArgumentsAndReturnSizes (23 bytes)
Event: 16.262 Thread 0x00000210d13755e0 nmethod 3893 0x00000210bcdb3810 code [0x00000210bcdb39c0, 0x00000210bcdb3b40]
Event: 17.955 Thread 0x00000210d13755e0 3896       3       java.util.stream.Sink$ChainedReference::cancellationRequested (10 bytes)
Event: 17.955 Thread 0x00000210d13755e0 nmethod 3896 0x00000210bd11f710 code [0x00000210bd11f8c0, 0x00000210bd11fa90]
Event: 18.315 Thread 0x00000210d13755e0 3897       3       javax.management.ObjectName::construct (1135 bytes)
Event: 18.315 Thread 0x00000210d795bbd0 3868       4       java.io.DataInputStream::readUTF (501 bytes)

GC Heap History (20 events):
Event: 1.225 GC heap before
{Heap before GC invocations=0 (full 0):
 garbage-first heap   total 96256K, used 22528K [0x0000000080000000, 0x0000000100000000)
  region size 1024K, 23 young (23552K), 0 survivors (0K)
 Metaspace       used 8104K, committed 8192K, reserved 1114112K
  class space    used 731K, committed 768K, reserved 1048576K
}
Event: 1.231 GC heap after
{Heap after GC invocations=1 (full 0):
 garbage-first heap   total 96256K, used 2304K [0x0000000080000000, 0x0000000100000000)
  region size 1024K, 3 young (3072K), 3 survivors (3072K)
 Metaspace       used 8104K, committed 8192K, reserved 1114112K
  class space    used 731K, committed 768K, reserved 1048576K
}
Event: 3.321 GC heap before
{Heap before GC invocations=1 (full 0):
 garbage-first heap   total 96256K, used 40192K [0x0000000080000000, 0x0000000100000000)
  region size 1024K, 38 young (38912K), 3 survivors (3072K)
 Metaspace       used 12328K, committed 12480K, reserved 1114112K
  class space    used 1318K, committed 1408K, reserved 1048576K
}
Event: 3.332 GC heap after
{Heap after GC invocations=2 (full 0):
 garbage-first heap   total 96256K, used 10707K [0x0000000080000000, 0x0000000100000000)
  region size 1024K, 5 young (5120K), 5 survivors (5120K)
 Metaspace       used 12328K, committed 12480K, reserved 1114112K
  class space    used 1318K, committed 1408K, reserved 1048576K
}
Event: 5.368 GC heap before
{Heap before GC invocations=2 (full 0):
 garbage-first heap   total 96256K, used 56787K [0x0000000080000000, 0x0000000100000000)
  region size 1024K, 48 young (49152K), 5 survivors (5120K)
 Metaspace       used 12998K, committed 13184K, reserved 1114112K
  class space    used 1424K, committed 1472K, reserved 1048576K
}
Event: 5.379 GC heap after
{Heap after GC invocations=3 (full 0):
 garbage-first heap   total 96256K, used 16653K [0x0000000080000000, 0x0000000100000000)
  region size 1024K, 5 young (5120K), 5 survivors (5120K)
 Metaspace       used 12998K, committed 13184K, reserved 1114112K
  class space    used 1424K, committed 1472K, reserved 1048576K
}
Event: 7.481 GC heap before
{Heap before GC invocations=3 (full 0):
 garbage-first heap   total 96256K, used 41229K [0x0000000080000000, 0x0000000100000000)
  region size 1024K, 30 young (30720K), 5 survivors (5120K)
 Metaspace       used 21214K, committed 21504K, reserved 1114112K
  class space    used 2468K, committed 2624K, reserved 1048576K
}
Event: 7.492 GC heap after
{Heap after GC invocations=4 (full 0):
 garbage-first heap   total 96256K, used 20286K [0x0000000080000000, 0x0000000100000000)
  region size 1024K, 4 young (4096K), 4 survivors (4096K)
 Metaspace       used 21214K, committed 21504K, reserved 1114112K
  class space    used 2468K, committed 2624K, reserved 1048576K
}
Event: 9.312 GC heap before
{Heap before GC invocations=5 (full 0):
 garbage-first heap   total 71680K, used 59198K [0x0000000080000000, 0x0000000100000000)
  region size 1024K, 42 young (43008K), 4 survivors (4096K)
 Metaspace       used 27937K, committed 28480K, reserved 1114112K
  class space    used 3505K, committed 3776K, reserved 1048576K
}
Event: 9.316 GC heap after
{Heap after GC invocations=6 (full 0):
 garbage-first heap   total 71680K, used 22455K [0x0000000080000000, 0x0000000100000000)
  region size 1024K, 3 young (3072K), 3 survivors (3072K)
 Metaspace       used 27937K, committed 28480K, reserved 1114112K
  class space    used 3505K, committed 3776K, reserved 1048576K
}
Event: 11.095 GC heap before
{Heap before GC invocations=6 (full 0):
 garbage-first heap   total 71680K, used 55223K [0x0000000080000000, 0x0000000100000000)
  region size 1024K, 35 young (35840K), 3 survivors (3072K)
 Metaspace       used 32216K, committed 32896K, reserved 1114112K
  class space    used 4274K, committed 4608K, reserved 1048576K
}
Event: 11.100 GC heap after
{Heap after GC invocations=7 (full 0):
 garbage-first heap   total 71680K, used 25053K [0x0000000080000000, 0x0000000100000000)
  region size 1024K, 5 young (5120K), 5 survivors (5120K)
 Metaspace       used 32216K, committed 32896K, reserved 1114112K
  class space    used 4274K, committed 4608K, reserved 1048576K
}
Event: 12.459 GC heap before
{Heap before GC invocations=7 (full 0):
 garbage-first heap   total 71680K, used 46557K [0x0000000080000000, 0x0000000100000000)
  region size 1024K, 27 young (27648K), 5 survivors (5120K)
 Metaspace       used 35324K, committed 36096K, reserved 1114112K
  class space    used 4819K, committed 5184K, reserved 1048576K
}
Event: 12.465 GC heap after
{Heap after GC invocations=8 (full 0):
 garbage-first heap   total 71680K, used 26565K [0x0000000080000000, 0x0000000100000000)
  region size 1024K, 4 young (4096K), 4 survivors (4096K)
 Metaspace       used 35324K, committed 36096K, reserved 1114112K
  class space    used 4819K, committed 5184K, reserved 1048576K
}
Event: 13.310 GC heap before
{Heap before GC invocations=9 (full 0):
 garbage-first heap   total 71680K, used 70597K [0x0000000080000000, 0x0000000100000000)
  region size 1024K, 20 young (20480K), 4 survivors (4096K)
 Metaspace       used 36518K, committed 37376K, reserved 1114112K
  class space    used 5028K, committed 5440K, reserved 1048576K
}
Event: 13.316 GC heap after
{Heap after GC invocations=10 (full 0):
 garbage-first heap   total 81920K, used 61139K [0x0000000080000000, 0x0000000100000000)
  region size 1024K, 5 young (5120K), 5 survivors (5120K)
 Metaspace       used 36518K, committed 37376K, reserved 1114112K
  class space    used 5028K, committed 5440K, reserved 1048576K
}
Event: 13.987 GC heap before
{Heap before GC invocations=10 (full 0):
 garbage-first heap   total 81920K, used 72403K [0x0000000080000000, 0x0000000100000000)
  region size 1024K, 16 young (16384K), 5 survivors (5120K)
 Metaspace       used 38083K, committed 38912K, reserved 1114112K
  class space    used 5236K, committed 5632K, reserved 1048576K
}
Event: 13.990 GC heap after
{Heap after GC invocations=11 (full 0):
 garbage-first heap   total 81920K, used 60817K [0x0000000080000000, 0x0000000100000000)
  region size 1024K, 1 young (1024K), 1 survivors (1024K)
 Metaspace       used 38083K, committed 38912K, reserved 1114112K
  class space    used 5236K, committed 5632K, reserved 1048576K
}
Event: 15.814 GC heap before
{Heap before GC invocations=11 (full 0):
 garbage-first heap   total 81920K, used 74129K [0x0000000080000000, 0x0000000100000000)
  region size 1024K, 14 young (14336K), 1 survivors (1024K)
 Metaspace       used 39801K, committed 40768K, reserved 1114112K
  class space    used 5527K, committed 6016K, reserved 1048576K
}
Event: 15.817 GC heap after
{Heap after GC invocations=12 (full 0):
 garbage-first heap   total 81920K, used 61497K [0x0000000080000000, 0x0000000100000000)
  region size 1024K, 2 young (2048K), 2 survivors (2048K)
 Metaspace       used 39801K, committed 40768K, reserved 1114112K
  class space    used 5527K, committed 6016K, reserved 1048576K
}

Dll operation events (3 events):
Event: 0.034 Loaded shared library C:\Program Files\Android\Android Studio\jbr\bin\java.dll
Event: 0.044 Loaded shared library C:\Program Files\Android\Android Studio\jbr\bin\zip.dll
Event: 1.571 Loaded shared library C:\Program Files\Android\Android Studio\jbr\bin\verify.dll

Deoptimization events (20 events):
Event: 16.171 Thread 0x00000210d64f8d30 Uncommon trap: trap_request=0xffffffc6 fr.pc=0x00000210c4735cbc relative=0x000000000000043c
Event: 16.171 Thread 0x00000210d64f8d30 Uncommon trap: reason=bimorphic_or_optimized_type_check action=maybe_recompile pc=0x00000210c4735cbc method=java.io.BufferedInputStream.implRead([BII)I @ 100 c2
Event: 16.171 Thread 0x00000210d64f8d30 DEOPT PACKING pc=0x00000210c4735cbc sp=0x00000068f3ef6a60
Event: 16.171 Thread 0x00000210d64f8d30 DEOPT UNPACKING pc=0x00000210c41a46a2 sp=0x00000068f3ef6a18 mode 2
Event: 16.172 Thread 0x00000210d64f8d30 Uncommon trap: trap_request=0xffffffc6 fr.pc=0x00000210c4735cbc relative=0x000000000000043c
Event: 16.172 Thread 0x00000210d64f8d30 Uncommon trap: reason=bimorphic_or_optimized_type_check action=maybe_recompile pc=0x00000210c4735cbc method=java.io.BufferedInputStream.implRead([BII)I @ 100 c2
Event: 16.172 Thread 0x00000210d64f8d30 DEOPT PACKING pc=0x00000210c4735cbc sp=0x00000068f3ef6a70
Event: 16.172 Thread 0x00000210d64f8d30 DEOPT UNPACKING pc=0x00000210c41a46a2 sp=0x00000068f3ef6a28 mode 2
Event: 16.243 Thread 0x00000210d64f8d30 Uncommon trap: trap_request=0xffffff45 fr.pc=0x00000210c4822160 relative=0x0000000000000640
Event: 16.243 Thread 0x00000210d64f8d30 Uncommon trap: reason=unstable_if action=reinterpret pc=0x00000210c4822160 method=jdk.internal.org.objectweb.asm.MethodWriter.visitVarInsn(II)V @ 108 c2
Event: 16.243 Thread 0x00000210d64f8d30 DEOPT PACKING pc=0x00000210c4822160 sp=0x00000068f3eee770
Event: 16.243 Thread 0x00000210d64f8d30 DEOPT UNPACKING pc=0x00000210c41a46a2 sp=0x00000068f3eee738 mode 2
Event: 16.243 Thread 0x00000210d64f8d30 Uncommon trap: trap_request=0xffffff45 fr.pc=0x00000210c475a174 relative=0x00000000000015b4
Event: 16.243 Thread 0x00000210d64f8d30 Uncommon trap: reason=unstable_if action=reinterpret pc=0x00000210c475a174 method=jdk.internal.org.objectweb.asm.MethodWriter.visitMethodInsn(ILjava/lang/String;Ljava/lang/String;Ljava/lang/String;Z)V @ 81 c2
Event: 16.243 Thread 0x00000210d64f8d30 DEOPT PACKING pc=0x00000210c475a174 sp=0x00000068f3eee740
Event: 16.243 Thread 0x00000210d64f8d30 DEOPT UNPACKING pc=0x00000210c41a46a2 sp=0x00000068f3eee700 mode 2
Event: 16.247 Thread 0x00000210d64f8d30 Uncommon trap: trap_request=0xffffff45 fr.pc=0x00000210c485eb60 relative=0x0000000000000c60
Event: 16.247 Thread 0x00000210d64f8d30 Uncommon trap: reason=unstable_if action=reinterpret pc=0x00000210c485eb60 method=java.lang.invoke.LambdaForm.useCount(Ljava/lang/invoke/LambdaForm$Name;)I @ 8 c2
Event: 16.247 Thread 0x00000210d64f8d30 DEOPT PACKING pc=0x00000210c485eb60 sp=0x00000068f3ef40d0
Event: 16.247 Thread 0x00000210d64f8d30 DEOPT UNPACKING pc=0x00000210c41a46a2 sp=0x00000068f3ef3fa0 mode 2

Classes loaded (20 events):
Event: 16.161 Loading class java/util/TimerTask done
Event: 16.161 Loading class java/util/Timer
Event: 16.162 Loading class java/util/Timer done
Event: 16.223 Loading class java/security/AccessControlException
Event: 16.224 Loading class java/security/AccessControlException done
Event: 16.241 Loading class java/lang/invoke/MethodHandleImpl$BindCaller
Event: 16.242 Loading class java/lang/invoke/MethodHandleImpl$BindCaller done
Event: 16.242 Loading class java/lang/invoke/MethodHandleImpl$BindCaller$1
Event: 16.242 Loading class java/lang/invoke/MethodHandleImpl$BindCaller$1 done
Event: 16.244 Loading class java/lang/invoke/MethodHandleImpl$BindCaller$InjectedInvokerHolder
Event: 16.244 Loading class java/lang/invoke/MethodHandleImpl$BindCaller$InjectedInvokerHolder done
Event: 16.244 Loading class java/util/Collections$CopiesList
Event: 16.245 Loading class java/util/Collections$CopiesList done
Event: 16.249 Loading class java/util/LinkedList$ListItr
Event: 16.249 Loading class java/util/LinkedList$ListItr done
Event: 16.274 Loading class java/lang/reflect/GenericSignatureFormatError
Event: 16.275 Loading class java/lang/reflect/GenericSignatureFormatError done
Event: 16.275 Loading class java/lang/reflect/MalformedParameterizedTypeException
Event: 16.275 Loading class java/lang/reflect/MalformedParameterizedTypeException done
Event: 17.096 Loading class java/util/concurrent/LinkedBlockingDeque$Itr

Classes unloaded (0 events):
No events

Classes redefined (0 events):
No events

Internal exceptions (20 events):
Event: 13.088 Thread 0x00000210d64f8d30 Exception <a 'java/lang/NoSuchMethodError'{0x0000000083ade4b0}: static Lorg/gradle/tooling/internal/consumer/versioning/VersionDetails$R28VersionDetails;.<clinit>()V> (0x0000000083ade4b0) 
thrown [s\src\hotspot\share\prims\jni.cpp, line 1144]
Event: 13.088 Thread 0x00000210d64f8d30 Exception <a 'java/lang/NoSuchMethodError'{0x0000000083adfa58}: static Lorg/gradle/tooling/internal/consumer/versioning/VersionDetails$R35VersionDetails;.<clinit>()V> (0x0000000083adfa58) 
thrown [s\src\hotspot\share\prims\jni.cpp, line 1144]
Event: 13.088 Thread 0x00000210d64f8d30 Exception <a 'java/lang/NoSuchMethodError'{0x0000000083ae11c8}: static Lorg/gradle/tooling/internal/consumer/versioning/VersionDetails$R44VersionDetails;.<clinit>()V> (0x0000000083ae11c8) 
thrown [s\src\hotspot\share\prims\jni.cpp, line 1144]
Event: 13.088 Thread 0x00000210d64f8d30 Exception <a 'java/lang/NoSuchMethodError'{0x0000000083ae2870}: static Lorg/gradle/tooling/internal/consumer/versioning/VersionDetails$R48VersionDetails;.<clinit>()V> (0x0000000083ae2870) 
thrown [s\src\hotspot\share\prims\jni.cpp, line 1144]
Event: 13.088 Thread 0x00000210d64f8d30 Exception <a 'java/lang/NoSuchMethodError'{0x0000000083ae3b08}: static Lorg/gradle/tooling/internal/consumer/versioning/VersionDetails$R51VersionDetails;.<clinit>()V> (0x0000000083ae3b08) 
thrown [s\src\hotspot\share\prims\jni.cpp, line 1144]
Event: 13.097 Thread 0x00000210d64f8d30 Exception <a 'java/lang/NoSuchMethodError'{0x0000000083908c80}: 'java.lang.Object java.lang.invoke.DirectMethodHandle$Holder.newInvokeSpecial(java.lang.Object, java.lang.Object, java.lang.Object, int)'> (0x0000000083908c80) 
thrown [s\src\hotspot\share\interpreter\linkResolver.cpp, line 784]
Event: 13.098 Thread 0x00000210d64f8d30 Exception <a 'java/lang/NoSuchMethodError'{0x000000008390d0e8}: 'java.lang.Object java.lang.invoke.DirectMethodHandle$Holder.invokeSpecial(java.lang.Object, java.lang.Object, java.lang.Object, java.lang.Object, int)'> (0x000000008390d0e8) 
thrown [s\src\hotspot\share\interpreter\linkResolver.cpp, line 784]
Event: 13.098 Thread 0x00000210d64f8d30 Exception <a 'java/lang/NoSuchMethodError'{0x0000000083910cf0}: 'java.lang.Object java.lang.invoke.Invokers$Holder.linkToTargetMethod(java.lang.Object, java.lang.Object, int, java.lang.Object)'> (0x0000000083910cf0) 
thrown [s\src\hotspot\share\interpreter\linkResolver.cpp, line 784]
Event: 13.547 Thread 0x00000210d64f8d30 Exception <a 'java/lang/NoSuchMethodError'{0x0000000084383e78}: 'void java.lang.invoke.DirectMethodHandle$Holder.invokeStaticInit(java.lang.Object, java.lang.Object, java.lang.Object, java.lang.Object)'> (0x0000000084383e78) 
thrown [s\src\hotspot\share\interpreter\linkResolver.cpp, line 784]
Event: 13.923 Thread 0x00000210d64f8d30 Exception <a 'java/lang/NoSuchMethodError'{0x0000000083c57530}: 'void java.lang.invoke.DirectMethodHandle$Holder.invokeInterface(java.lang.Object, java.lang.Object, java.lang.Object, java.lang.Object, java.lang.Object)'> (0x0000000083c57530) 
thrown [s\src\hotspot\share\interpreter\linkResolver.cpp, line 784]
Event: 13.935 Thread 0x00000210d64f8d30 Exception <a 'java/lang/NoSuchMethodError'{0x0000000083cb2290}: 'void java.lang.invoke.DirectMethodHandle$Holder.invokeStatic(java.lang.Object, java.lang.Object, java.lang.Object, java.lang.Object, java.lang.Object, java.lang.Object)'> (0x0000000083cb2290) 
thrown [s\src\hotspot\share\interpreter\linkResolver.cpp, line 784]
Event: 14.199 Thread 0x00000210d64f8d30 Exception <a 'java/lang/IncompatibleClassChangeError'{0x00000000843fb388}: Found class java.lang.Object, but interface was expected> (0x00000000843fb388) 
thrown [s\src\hotspot\share\interpreter\linkResolver.cpp, line 851]
Event: 14.518 Thread 0x00000210d64f8d30 Exception <a 'java/lang/NoSuchMethodError'{0x00000000841d0c80}: 'java.lang.Object java.lang.invoke.DirectMethodHandle$Holder.invokeVirtual(java.lang.Object, java.lang.Object, int)'> (0x00000000841d0c80) 
thrown [s\src\hotspot\share\interpreter\linkResolver.cpp, line 784]
Event: 14.527 Thread 0x00000210d64f8d30 Exception <a 'java/lang/NoSuchMethodError'{0x00000000840052f0}: 'void java.lang.invoke.DirectMethodHandle$Holder.invokeStatic(java.lang.Object, java.lang.Object, java.lang.Object, int)'> (0x00000000840052f0) 
thrown [s\src\hotspot\share\interpreter\linkResolver.cpp, line 784]
Event: 15.836 Thread 0x00000210d64f8d30 Exception <a 'java/lang/NoSuchMethodError'{0x0000000085d51200}: 'void java.lang.invoke.DirectMethodHandle$Holder.invokeInterface(java.lang.Object, java.lang.Object, java.lang.Object, java.lang.Object, java.lang.Object, java.lang.Object, java.lang.Object)'> (0x0000000085d51200) 
thrown [s\src\hotspot\share\interpreter\linkResolver.cpp, line 784]
Event: 15.838 Thread 0x00000210d64f8d30 Exception <a 'java/lang/NoSuchMethodError'{0x0000000085d560e8}: 'void java.lang.invoke.DelegatingMethodHandle$Holder.reinvoke_L(java.lang.Object, java.lang.Object, java.lang.Object, java.lang.Object, java.lang.Object, java.lang.Object, java.lang.Object)'> (0x0000000085d560e8) 
thrown [s\src\hotspot\share\interpreter\linkResolver.cpp, line 784]
Event: 15.949 Thread 0x00000210d64f8d30 Exception <a 'java/lang/NoSuchMethodError'{0x0000000085f542d0}: 'java.lang.Object java.lang.invoke.DirectMethodHandle$Holder.invokeSpecial(java.lang.Object, java.lang.Object, java.lang.Object, int, java.lang.Object, java.lang.Object)'> (0x0000000085f542d0) 
thrown [s\src\hotspot\share\interpreter\linkResolver.cpp, line 784]
Event: 16.243 Thread 0x00000210d64f8d30 Implicit null exception at 0x00000210c4821c34 to 0x00000210c4822154
Event: 16.243 Thread 0x00000210d64f8d30 Implicit null exception at 0x00000210c4758cc3 to 0x00000210c475a164
Event: 16.243 Thread 0x00000210d64f8d30 Exception <a 'java/lang/NoSuchMethodError'{0x00000000859de940}: 'java.lang.reflect.Method[] java.lang.Class.getDeclaredMethods(java.lang.Class)'> (0x00000000859de940) 
thrown [s\src\hotspot\share\interpreter\linkResolver.cpp, line 784]

ZGC Phase Switch (0 events):
No events

VM Operations (20 events):
Event: 13.971 Executing VM operation: G1CollectForAllocation (G1 Evacuation Pause)
Event: 13.990 Executing VM operation: G1CollectForAllocation (G1 Evacuation Pause) done
Event: 14.203 Executing VM operation: HandshakeAllThreads (Deoptimize)
Event: 14.203 Executing VM operation: HandshakeAllThreads (Deoptimize) done
Event: 15.211 Executing VM operation: Cleanup
Event: 15.211 Executing VM operation: Cleanup done
Event: 15.814 Executing VM operation: G1CollectForAllocation (G1 Evacuation Pause)
Event: 15.817 Executing VM operation: G1CollectForAllocation (G1 Evacuation Pause) done
Event: 15.838 Executing VM operation: G1PauseRemark
Event: 15.841 Executing VM operation: G1PauseRemark done
Event: 15.848 Executing VM operation: G1PauseCleanup
Event: 15.848 Executing VM operation: G1PauseCleanup done
Event: 15.854 Executing VM operation: HandshakeAllThreads (Deoptimize)
Event: 15.854 Executing VM operation: HandshakeAllThreads (Deoptimize) done
Event: 15.855 Executing VM operation: HandshakeAllThreads (Deoptimize)
Event: 15.855 Executing VM operation: HandshakeAllThreads (Deoptimize) done
Event: 16.225 Executing VM operation: HandshakeAllThreads (Deoptimize)
Event: 16.225 Executing VM operation: HandshakeAllThreads (Deoptimize) done
Event: 17.236 Executing VM operation: Cleanup
Event: 17.314 Executing VM operation: Cleanup done

Memory protections (0 events):
No events

Nmethod flushes (20 events):
Event: 15.840 Thread 0x00000210d11bdc20 flushing  nmethod 0x00000210bcdc1910
Event: 15.840 Thread 0x00000210d11bdc20 flushing  nmethod 0x00000210bcdc7290
Event: 15.840 Thread 0x00000210d11bdc20 flushing  nmethod 0x00000210bce0e410
Event: 15.840 Thread 0x00000210d11bdc20 flushing  nmethod 0x00000210bcf16890
Event: 15.840 Thread 0x00000210d11bdc20 flushing  nmethod 0x00000210bcc54010
Event: 15.840 Thread 0x00000210d11bdc20 flushing  nmethod 0x00000210bcd75f10
Event: 15.840 Thread 0x00000210d11bdc20 flushing  nmethod 0x00000210bcf69890
Event: 15.840 Thread 0x00000210d11bdc20 flushing  nmethod 0x00000210bcfd1c90
Event: 15.840 Thread 0x00000210d11bdc20 flushing  nmethod 0x00000210bcfd3310
Event: 15.840 Thread 0x00000210d11bdc20 flushing  nmethod 0x00000210bcc89f10
Event: 15.840 Thread 0x00000210d11bdc20 flushing  nmethod 0x00000210bccd0d10
Event: 15.840 Thread 0x00000210d11bdc20 flushing  nmethod 0x00000210bccd1490
Event: 15.840 Thread 0x00000210d11bdc20 flushing  nmethod 0x00000210bcd19190
Event: 15.840 Thread 0x00000210d11bdc20 flushing  nmethod 0x00000210bcdb9e90
Event: 15.840 Thread 0x00000210d11bdc20 flushing  nmethod 0x00000210bcde8410
Event: 15.840 Thread 0x00000210d11bdc20 flushing  nmethod 0x00000210bce70c10
Event: 15.840 Thread 0x00000210d11bdc20 flushing  nmethod 0x00000210bd094990
Event: 15.840 Thread 0x00000210d11bdc20 flushing  nmethod 0x00000210bd09c810
Event: 15.840 Thread 0x00000210d11bdc20 flushing  nmethod 0x00000210bd04ab10
Event: 15.840 Thread 0x00000210d11bdc20 flushing  nmethod 0x00000210bd05a390

Events (20 events):
Event: 7.476 Thread 0x00000210d64f8d30 Thread added: 0x00000210d71dff20
Event: 7.525 Thread 0x00000210d64f8d30 Thread added: 0x00000210d71e05b0
Event: 7.532 Thread 0x00000210d64f8d30 Thread added: 0x00000210d71e2680
Event: 8.504 Thread 0x00000210d64f8d30 Thread added: 0x00000210d71e33a0
Event: 8.524 Thread 0x00000210d64f8d30 Thread added: 0x00000210d71e0c40
Event: 8.590 Thread 0x00000210d71e0c40 Thread added: 0x00000210d71e2d10
Event: 8.647 Thread 0x00000210d64f8d30 Thread added: 0x00000210d71e1960
Event: 11.288 Thread 0x00000210d64f8d30 Thread added: 0x00000210d71e1ff0
Event: 11.318 Thread 0x00000210d64f8d30 Thread added: 0x00000210d931d180
Event: 11.909 Thread 0x00000210d64f8d30 Thread added: 0x00000210d931f250
Event: 11.931 Thread 0x00000210d64f8d30 Thread added: 0x00000210d931d810
Event: 12.644 Thread 0x00000210d64f8d30 Thread added: 0x00000210d931dea0
Event: 12.645 Thread 0x00000210d64f8d30 Thread added: 0x00000210d931e530
Event: 12.645 Thread 0x00000210d64f8d30 Thread added: 0x00000210d931ebc0
Event: 12.646 Thread 0x00000210d64f8d30 Thread added: 0x00000210d931ff70
Event: 12.646 Thread 0x00000210d64f8d30 Thread added: 0x00000210d931f8e0
Event: 12.647 Thread 0x00000210d64f8d30 Thread added: 0x00000210d9320600
Event: 12.648 Thread 0x00000210d64f8d30 Thread added: 0x00000210d7dc32e0
Event: 12.648 Thread 0x00000210d64f8d30 Thread added: 0x00000210d7dc4d20
Event: 18.315 Thread 0x00000210d13755e0 Thread added: 0x00000210d795bbd0


Dynamic libraries:
0x00007ff728880000 - 0x00007ff72888a000 	C:\Program Files\Android\Android Studio\jbr\bin\java.exe
0x00007ffd17100000 - 0x00007ffd17368000 	C:\WINDOWS\SYSTEM32\ntdll.dll
0x00007ffd166d0000 - 0x00007ffd16799000 	C:\WINDOWS\System32\KERNEL32.DLL
0x00007ffd14830000 - 0x00007ffd14c28000 	C:\WINDOWS\System32\KERNELBASE.dll
0x00007ffd14340000 - 0x00007ffd1448b000 	C:\WINDOWS\System32\ucrtbase.dll
0x00007ffd02240000 - 0x00007ffd0225b000 	C:\Program Files\Android\Android Studio\jbr\bin\VCRUNTIME140.dll
0x00007ffcea000000 - 0x00007ffcea018000 	C:\Program Files\Android\Android Studio\jbr\bin\jli.dll
0x00007ffd15600000 - 0x00007ffd157c7000 	C:\WINDOWS\System32\USER32.dll
0x00007ffd14310000 - 0x00007ffd14337000 	C:\WINDOWS\System32\win32u.dll
0x00007ffd16bb0000 - 0x00007ffd16bdb000 	C:\WINDOWS\System32\GDI32.dll
0x00007ffd14c30000 - 0x00007ffd14d5c000 	C:\WINDOWS\System32\gdi32full.dll
0x00007ffd14490000 - 0x00007ffd14533000 	C:\WINDOWS\System32\msvcp_win.dll
0x00007ffcfea20000 - 0x00007ffcfecb4000 	C:\WINDOWS\WinSxS\amd64_microsoft.windows.common-controls_6595b64144ccf1df_6.0.26100.7019_none_3e06ffa0e335b8a8\COMCTL32.dll
0x00007ffd15860000 - 0x00007ffd15909000 	C:\WINDOWS\System32\msvcrt.dll
0x00007ffd16b70000 - 0x00007ffd16ba1000 	C:\WINDOWS\System32\IMM32.DLL
0x00007ffd05950000 - 0x00007ffd0595c000 	C:\Program Files\Android\Android Studio\jbr\bin\vcruntime140_1.dll
0x00007ffcd35c0000 - 0x00007ffcd364d000 	C:\Program Files\Android\Android Studio\jbr\bin\msvcp140.dll
0x00007ffc7db80000 - 0x00007ffc7e80e000 	C:\Program Files\Android\Android Studio\jbr\bin\server\jvm.dll
0x00007ffd15fd0000 - 0x00007ffd16084000 	C:\WINDOWS\System32\ADVAPI32.dll
0x00007ffd16c70000 - 0x00007ffd16d16000 	C:\WINDOWS\System32\sechost.dll
0x00007ffd16530000 - 0x00007ffd16648000 	C:\WINDOWS\System32\RPCRT4.dll
0x00007ffd16650000 - 0x00007ffd166c4000 	C:\WINDOWS\System32\WS2_32.dll
0x00007ffd053b0000 - 0x00007ffd053bb000 	C:\WINDOWS\SYSTEM32\VERSION.dll
0x00007ffd08670000 - 0x00007ffd086a5000 	C:\WINDOWS\SYSTEM32\WINMM.dll
0x00007ffd140b0000 - 0x00007ffd1410e000 	C:\WINDOWS\SYSTEM32\POWRPROF.dll
0x00007ffd14090000 - 0x00007ffd140a4000 	C:\WINDOWS\SYSTEM32\UMPDC.dll
0x00007ffd13010000 - 0x00007ffd1302b000 	C:\WINDOWS\SYSTEM32\kernel.appcore.dll
0x00007ffd05860000 - 0x00007ffd0586a000 	C:\Program Files\Android\Android Studio\jbr\bin\jimage.dll
0x00007ffd11a50000 - 0x00007ffd11c92000 	C:\WINDOWS\SYSTEM32\DBGHELP.DLL
0x00007ffd16d30000 - 0x00007ffd170bb000 	C:\WINDOWS\System32\combase.dll
0x00007ffd15a10000 - 0x00007ffd15ae7000 	C:\WINDOWS\System32\OLEAUT32.dll
0x00007ffcfb6a0000 - 0x00007ffcfb6dc000 	C:\WINDOWS\SYSTEM32\dbgcore.DLL
0x00007ffd14df0000 - 0x00007ffd14e95000 	C:\WINDOWS\System32\bcryptPrimitives.dll
0x00007ffcee910000 - 0x00007ffcee91e000 	C:\Program Files\Android\Android Studio\jbr\bin\instrument.dll
0x00007ffd00560000 - 0x00007ffd00580000 	C:\Program Files\Android\Android Studio\jbr\bin\java.dll
0x00007ffcfe5e0000 - 0x00007ffcfe5f8000 	C:\Program Files\Android\Android Studio\jbr\bin\zip.dll
0x00007ffd14ea0000 - 0x00007ffd155ef000 	C:\WINDOWS\System32\SHELL32.dll
0x00007ffd14540000 - 0x00007ffd146ab000 	C:\WINDOWS\System32\wintypes.dll
0x00007ffd11e70000 - 0x00007ffd126cd000 	C:\WINDOWS\SYSTEM32\windows.storage.dll
0x00007ffd15910000 - 0x00007ffd15a02000 	C:\WINDOWS\System32\SHCORE.dll
0x00007ffd164c0000 - 0x00007ffd16527000 	C:\WINDOWS\System32\shlwapi.dll
0x00007ffd14170000 - 0x00007ffd14199000 	C:\WINDOWS\SYSTEM32\profapi.dll
0x00007ffd057b0000 - 0x00007ffd057c0000 	C:\Program Files\Android\Android Studio\jbr\bin\net.dll
0x00007ffd0e2a0000 - 0x00007ffd0e3c8000 	C:\WINDOWS\SYSTEM32\WINHTTP.dll
0x00007ffd13580000 - 0x00007ffd135eb000 	C:\WINDOWS\system32\mswsock.dll
0x00007ffcfe0a0000 - 0x00007ffcfe0b6000 	C:\Program Files\Android\Android Studio\jbr\bin\nio.dll
0x00007ffd022e0000 - 0x00007ffd022f0000 	C:\Program Files\Android\Android Studio\jbr\bin\verify.dll
0x00007ffd00580000 - 0x00007ffd005a7000 	C:\Users\jconr\.gradle\native\1def1411415f61bf3af743bc5b6707747c0891f09f0c88961ee8f79bc544acac\windows-amd64\native-platform.dll
0x00007ffcd2dc0000 - 0x00007ffcd2e38000 	C:\Users\jconr\.gradle\native\0.2.7\x86_64-windows-gnu\gradle-fileevents.dll
0x00007ffd056a0000 - 0x00007ffd056a9000 	C:\Program Files\Android\Android Studio\jbr\bin\management.dll
0x00007ffd023d0000 - 0x00007ffd023db000 	C:\Program Files\Android\Android Studio\jbr\bin\management_ext.dll
0x00007ffd16090000 - 0x00007ffd16098000 	C:\WINDOWS\System32\PSAPI.DLL
0x00007ffd12a50000 - 0x00007ffd12a84000 	C:\WINDOWS\SYSTEM32\IPHLPAPI.DLL
0x00007ffd16d20000 - 0x00007ffd16d2a000 	C:\WINDOWS\System32\NSI.dll
0x00007ffd05780000 - 0x00007ffd05789000 	C:\Program Files\Android\Android Studio\jbr\bin\extnet.dll
0x00007ffd13840000 - 0x00007ffd1385b000 	C:\WINDOWS\SYSTEM32\CRYPTSP.dll
0x00007ffd12f70000 - 0x00007ffd12faa000 	C:\WINDOWS\system32\rsaenh.dll
0x00007ffd13630000 - 0x00007ffd1365b000 	C:\WINDOWS\SYSTEM32\USERENV.dll
0x00007ffd14140000 - 0x00007ffd1416a000 	C:\WINDOWS\SYSTEM32\bcrypt.dll
0x00007ffd13860000 - 0x00007ffd1386c000 	C:\WINDOWS\SYSTEM32\CRYPTBASE.dll
0x00007ffceae10000 - 0x00007ffceae18000 	C:\WINDOWS\system32\wshunix.dll

dbghelp: loaded successfully - version: 4.0.5 - missing functions: none
symbol engine: initialized successfully - sym options: 0x614 - pdb path: .;C:\Program Files\Android\Android Studio\jbr\bin;C:\WINDOWS\SYSTEM32;C:\WINDOWS\WinSxS\amd64_microsoft.windows.common-controls_6595b64144ccf1df_6.0.26100.7019_none_3e06ffa0e335b8a8;C:\Program Files\Android\Android Studio\jbr\bin\server;C:\Users\jconr\.gradle\native\1def1411415f61bf3af743bc5b6707747c0891f09f0c88961ee8f79bc544acac\windows-amd64;C:\Users\jconr\.gradle\native\0.2.7\x86_64-windows-gnu

VM Arguments:
jvm_args: --add-opens=java.base/java.lang=ALL-UNNAMED --add-opens=java.base/java.lang.invoke=ALL-UNNAMED --add-opens=java.base/java.util=ALL-UNNAMED --add-opens=java.prefs/java.util.prefs=ALL-UNNAMED --add-exports=jdk.compiler/com.sun.tools.javac.api=ALL-UNNAMED --add-exports=jdk.compiler/com.sun.tools.javac.util=ALL-UNNAMED --add-opens=java.base/java.util=ALL-UNNAMED --add-opens=java.prefs/java.util.prefs=ALL-UNNAMED --add-opens=java.base/java.nio.charset=ALL-UNNAMED --add-opens=java.base/java.net=ALL-UNNAMED --add-opens=java.base/java.util.concurrent.atomic=ALL-UNNAMED --add-opens=java.xml/javax.xml.namespace=ALL-UNNAMED -Xmx2048m -Dfile.encoding=UTF-8 -Duser.country=CL -Duser.language=es -Duser.variant -javaagent:C:\Users\jconr\.gradle\wrapper\dists\gradle-8.13-bin\5xuhj0ry160q40clulazy9h7d\gradle-8.13\lib\agents\gradle-instrumentation-agent-8.13.jar 
java_command: org.gradle.launcher.daemon.bootstrap.GradleDaemon 8.13
java_class_path (initial): C:\Users\jconr\.gradle\wrapper\dists\gradle-8.13-bin\5xuhj0ry160q40clulazy9h7d\gradle-8.13\lib\gradle-daemon-main-8.13.jar
Launcher Type: SUN_STANDARD

[Global flags]
     intx CICompilerCount                          = 4                                         {product} {ergonomic}
     uint ConcGCThreads                            = 2                                         {product} {ergonomic}
     uint G1ConcRefinementThreads                  = 8                                         {product} {ergonomic}
   size_t G1HeapRegionSize                         = 1048576                                   {product} {ergonomic}
    uintx GCDrainStackTargetSize                   = 64                                        {product} {ergonomic}
   size_t InitialHeapSize                          = 98566144                                  {product} {ergonomic}
   size_t MarkStackSize                            = 4194304                                   {product} {ergonomic}
   size_t MaxHeapSize                              = 2147483648                                {product} {command line}
   size_t MaxNewSize                               = 1287651328                                {product} {ergonomic}
   size_t MinHeapDeltaBytes                        = 1048576                                   {product} {ergonomic}
   size_t MinHeapSize                              = 8388608                                   {product} {ergonomic}
    uintx NonNMethodCodeHeapSize                   = 5839372                                {pd product} {ergonomic}
    uintx NonProfiledCodeHeapSize                  = 122909434                              {pd product} {ergonomic}
    uintx ProfiledCodeHeapSize                     = 122909434                              {pd product} {ergonomic}
    uintx ReservedCodeCacheSize                    = 251658240                              {pd product} {ergonomic}
     bool SegmentedCodeCache                       = true                                      {product} {ergonomic}
   size_t SoftMaxHeapSize                          = 2147483648                             {manageable} {ergonomic}
     bool UseCompressedOops                        = true                           {product lp64_product} {ergonomic}
     bool UseG1GC                                  = true                                      {product} {ergonomic}
     bool UseLargePagesIndividualAllocation        = false                                  {pd product} {ergonomic}

Logging:
Log output configuration:
 #0: stdout all=warning uptime,level,tags foldmultilines=false
 #1: stderr all=off uptime,level,tags foldmultilines=false

Environment Variables:
PATH=C:\Program Files\Common Files\Oracle\Java\javapath;C:\WINDOWS\system32;C:\WINDOWS;C:\WINDOWS\System32\Wbem;C:\WINDOWS\System32\WindowsPowerShell\v1.0\;C:\WINDOWS\System32\OpenSSH\;C:\Program Files\Microsoft SQL Server\150\Tools\Binn\;C:\Program Files\Microsoft SQL Server\Client SDK\ODBC\170\Tools\Binn\;C:\Program Files\dotnet\;C:\Program Files (x86)\Microsoft SQL Server\160\Tools\Binn\;C:\Program Files\Microsoft SQL Server\160\Tools\Binn\;C:\Program Files\Microsoft SQL Server\160\DTS\Binn\;C:\Program Files (x86)\Microsoft SQL Server\160\DTS\Binn\;C:\Program Files\Git\cmd;C:\Program Files\nodejs\;C:\Program Files\PuTTY\;C:\Program Files\MySQL\MySQL Shell 8.0\bin\;C:\Users\jconr\AppData\Local\Programs\Python\Python312\Scripts\;C:\Users\jconr\AppData\Local\Programs\Python\Python312\;C:\Users\jconr\AppData\Local\Microsoft\WindowsApps;C:\Users\jconr\.dotnet\tools;C:\Users\jconr\AppData\Local\GitHubDesktop\bin;C:\Users\jconr\AppData\Local\Programs\Microsoft VS Code\bin;C:\Users\jconr\AppData\Roaming\npm;
USERNAME=jconr
OS=Windows_NT
PROCESSOR_IDENTIFIER=AMD64 Family 23 Model 160 Stepping 0, AuthenticAMD
TMP=C:\Users\jconr\AppData\Local\Temp
TEMP=C:\Users\jconr\AppData\Local\Temp




Periodic native trim disabled

JNI global refs:
JNI global refs: 26, weak refs: 0

JNI global refs memory usage: 835, weak refs: 833

Process memory usage:
Resident Set Size: 194572K (3% of 6108668K total physical memory with 461548K free physical memory)

OOME stack traces (most recent first):
Classloader memory used:
Loader org.gradle.internal.classloader.VisitableURLClassLoader                         : 19401K
Loader bootstrap                                                                       : 18401K
Loader org.gradle.initialization.MixInLegacyTypesClassLoader                           : 2833K
Loader org.gradle.internal.classloader.VisitableURLClassLoader                         : 733K
Loader jdk.internal.loader.ClassLoaders$AppClassLoader                                 : 235K
Loader jdk.internal.loader.ClassLoaders$PlatformClassLoader                            : 166K
Loader jdk.internal.reflect.DelegatingClassLoader                                      : 158K
Loader org.gradle.groovy.scripts.internal.DefaultScriptCompilationHandler$ScriptClassLoader: 6600B

Classes loaded by more than one classloader:
Class org.gradle.api.GradleException                                                  : loaded 3 times (x 80B)
Class org.gradle.internal.classloader.FilteringClassLoader                            : loaded 2 times (x 103B)
Class org.gradle.internal.classloader.ClassLoaderHierarchy                            : loaded 2 times (x 68B)
Class org.gradle.api.internal.classpath.ManifestUtil                                  : loaded 2 times (x 69B)
Class org.gradle.internal.operations.MultipleBuildOperationFailures                   : loaded 2 times (x 93B)
Class org.gradle.internal.classloader.DefaultClassLoaderFactory                       : loaded 2 times (x 80B)
Class org.gradle.internal.classloader.ClassLoaderVisitor                              : loaded 2 times (x 74B)
Class org.gradle.api.internal.classpath.EffectiveClassPath                            : loaded 2 times (x 88B)
Class org.gradle.api.internal.DefaultClassPathProvider                                : loaded 2 times (x 74B)
Class [Lorg.gradle.api.internal.ClassPathProvider;                                    : loaded 2 times (x 67B)
Class org.gradle.api.internal.ClassPathProvider                                       : loaded 2 times (x 68B)
Class org.gradle.internal.service.UnknownServiceException                             : loaded 2 times (x 81B)
Class org.gradle.internal.classpath.TransformedClassPath                              : loaded 2 times (x 94B)
Class org.gradle.internal.classloader.InstrumentingClassLoader                        : loaded 2 times (x 68B)
Class org.gradle.internal.service.ServiceLocator                                      : loaded 2 times (x 68B)
Class org.gradle.internal.InternalTransformer                                         : loaded 2 times (x 68B)
Class org.gradle.internal.time.DefaultTimer                                           : loaded 2 times (x 78B)
Class org.gradle.internal.classloader.ClasspathUtil$1                                 : loaded 2 times (x 74B)
Class org.gradle.api.internal.classpath.DefaultModuleRegistry$DefaultModule           : loaded 2 times (x 84B)
Class org.gradle.internal.time.DefaultCountdownTimer                                  : loaded 2 times (x 86B)
Class kotlin.Function                                                                 : loaded 2 times (x 68B)
Class org.gradle.api.internal.classpath.Module                                        : loaded 2 times (x 68B)
Class org.gradle.api.internal.classpath.UnknownModuleException                        : loaded 2 times (x 80B)
Class org.gradle.api.internal.DefaultClassPathRegistry                                : loaded 2 times (x 74B)
Class org.gradle.api.internal.ClassPathRegistry                                       : loaded 2 times (x 68B)
Class org.gradle.internal.classpath.DefaultClassPath$ImmutableUniqueList              : loaded 2 times (x 197B)
Class org.gradle.internal.classpath.ClassPath                                         : loaded 2 times (x 68B)
Class org.gradle.api.UncheckedIOException                                             : loaded 2 times (x 80B)
Class kotlin.UninitializedPropertyAccessException                                     : loaded 2 times (x 80B)
Class org.gradle.internal.installation.GradleInstallation$1                           : loaded 2 times (x 73B)
Class org.gradle.api.internal.classpath.ModuleRegistry                                : loaded 2 times (x 68B)
Class org.gradle.api.internal.classpath.DefaultModuleRegistry                         : loaded 2 times (x 84B)
Class org.gradle.internal.time.MonotonicClock                                         : loaded 2 times (x 75B)
Class org.gradle.internal.service.ServiceLookupException                              : loaded 2 times (x 80B)
Class org.gradle.internal.classloader.ClassLoaderFactory                              : loaded 2 times (x 68B)
Class org.gradle.internal.service.CachingServiceLocator                               : loaded 2 times (x 80B)
Class org.gradle.internal.time.TimeSource                                             : loaded 2 times (x 68B)
Class org.gradle.internal.exceptions.ResolutionProvider                               : loaded 2 times (x 68B)
Class org.gradle.internal.classloader.ClasspathUtil                                   : loaded 2 times (x 69B)
Class org.gradle.internal.time.TimeSource$1                                           : loaded 2 times (x 75B)
Class org.gradle.api.specs.Spec                                                       : loaded 2 times (x 68B)
Class org.gradle.internal.time.Clock                                                  : loaded 2 times (x 68B)
Class org.gradle.internal.classloader.VisitableURLClassLoader$InstrumentingVisitableURLClassLoader: loaded 2 times (x 121B)
Class org.gradle.internal.classloader.VisitableURLClassLoader$Spec                    : loaded 2 times (x 72B)
Class org.gradle.internal.classpath.DefaultClassPath                                  : loaded 2 times (x 88B)
Class org.gradle.internal.classloader.ClassLoaderSpec                                 : loaded 2 times (x 69B)
Class org.gradle.internal.classloader.VisitableURLClassLoader                         : loaded 2 times (x 115B)
Class org.gradle.internal.Cast                                                        : loaded 2 times (x 69B)
Class org.gradle.api.Action                                                           : loaded 2 times (x 68B)
Class kotlin.jvm.functions.Function1                                                  : loaded 2 times (x 68B)
Class org.gradle.internal.classpath.DefaultClassPath$ImmutableUniqueList$Builder      : loaded 2 times (x 73B)
Class kotlin.NotImplementedError                                                      : loaded 2 times (x 80B)
Class org.gradle.internal.exceptions.NonGradleCauseExceptionsHolder                   : loaded 2 times (x 68B)
Class org.gradle.internal.IoActions                                                   : loaded 2 times (x 69B)
Class org.gradle.internal.classloader.SystemClassLoaderSpec                           : loaded 2 times (x 69B)
Class org.gradle.internal.exceptions.MultiCauseException                              : loaded 2 times (x 68B)
Class org.gradle.internal.time.CountdownTimer                                         : loaded 2 times (x 68B)
Class kotlin.jvm.internal.Intrinsics                                                  : loaded 2 times (x 69B)
Class org.gradle.tooling.model.ProjectModel                                           : loaded 2 times (x 68B)
Class kotlin.KotlinNullPointerException                                               : loaded 2 times (x 81B)
Class org.gradle.internal.exceptions.DefaultMultiCauseException                       : loaded 2 times (x 93B)
Class org.gradle.internal.time.Time                                                   : loaded 2 times (x 69B)
Class org.gradle.api.internal.classpath.GlobalCacheRootsProvider                      : loaded 2 times (x 68B)
Class org.gradle.internal.time.Timer                                                  : loaded 2 times (x 68B)
Class org.gradle.internal.installation.CurrentGradleInstallationLocator               : loaded 2 times (x 69B)
Class org.gradle.internal.service.DefaultServiceLocator                               : loaded 2 times (x 81B)
Class org.gradle.util.GradleVersion                                                   : loaded 2 times (x 77B)
Class org.gradle.internal.installation.CurrentGradleInstallation                      : loaded 2 times (x 71B)
Class org.gradle.util.internal.GUtil                                                  : loaded 2 times (x 69B)
Class org.gradle.internal.installation.GradleInstallation                             : loaded 2 times (x 73B)

---------------  S Y S T E M  ---------------

OS:
 Windows 11 , 64 bit Build 26100 (10.0.26100.7019)
OS uptime: 3 days 10:54 hours
Hyper-V role detected

CPU: total 8 (initial active 8) (8 cores per cpu, 2 threads per core) family 23 model 160 stepping 0 microcode 0x8a00006, cx8, cmov, fxsr, ht, mmx, 3dnowpref, sse, sse2, sse3, ssse3, sse4a, sse4.1, sse4.2, popcnt, lzcnt, tsc, tscinvbit, avx, avx2, aes, clmul, bmi1, bmi2, adx, sha, fma, vzeroupper, clflush, clflushopt, hv, rdtscp, rdpid, f16c
Processor Information for the first 8 processors :
  Max Mhz: 2401, Current Mhz: 2401, Mhz Limit: 2401

Memory: 4k page, system-wide physical 5965M (450M free)
TotalPageFile size 24397M (AvailPageFile size 5M)
current process WorkingSet (physical memory assigned to process): 190M, peak: 196M
current process commit charge ("private bytes"): 271M, peak: 272M

vm_info: OpenJDK 64-Bit Server VM (21.0.7+-13880790-b1038.58) for windows-amd64 JRE (21.0.7+-13880790-b1038.58), built on 2025-08-04T20:56:21Z by "builder" with MS VC++ 16.10 / 16.11 (VS2019)

END.
